Added Component: Designator=C1(RAD-0.3)
Added Component: Designator=C2(C2)
Added Component: Designator=C3(RAD-0.3)
Added Component: Designator=C4(RAD-0.3)
Added Component: Designator=C5(RAD-0.3)
Added Component: Designator=D1(DIODE-0.7)
Added Component: Designator=L1(0402-A)
Added Component: Designator=Q1(TO-226-AA)
Added Component: Designator=R1(AXIAL-0.4)
Added Component: Designator=R2(AXIAL-0.4)
Added Component: Designator=R3(AXIAL-0.4)
Added Component: Designator=R4(AXIAL-0.4)
Added Component: Designator=R5(AXIAL-0.4)
Added Component: Designator=(POWER)
Added Component: Designator=U£¿(XKT-1511)
Added Component: Designator=U£¿(XKT-801)
Added Pin To Net: NetName=GND Pin=-2
Added Pin To Net: NetName=GND Pin=C1-1
Added Pin To Net: NetName=GND Pin=C2-2
Added Pin To Net: NetName=GND Pin=C4-1
Added Pin To Net: NetName=GND Pin=D1-1
Added Pin To Net: NetName=GND Pin=U£¿-3
Added Pin To Net: NetName=GND Pin=U£¿-5
Added Net: Name=GND
Added Pin To Net: NetName=Net_1 Pin=-1
Added Pin To Net: NetName=Net_1 Pin=C2-1
Added Pin To Net: NetName=Net_1 Pin=C5-2
Added Pin To Net: NetName=Net_1 Pin=L1-1
Added Pin To Net: NetName=Net_1 Pin=R1-2
Added Pin To Net: NetName=Net_1 Pin=R2-2
Added Net: Name=Net_1
Added Pin To Net: NetName=NetC1_2 Pin=C1-2
Added Pin To Net: NetName=NetC1_2 Pin=D1-2
Added Pin To Net: NetName=NetC1_2 Pin=Q1-3
Added Pin To Net: NetName=NetC1_2 Pin=R1-1
Added Net: Name=NetC1_2
Added Pin To Net: NetName=NetC3_1 Pin=C3-1
Added Pin To Net: NetName=NetC3_1 Pin=U£¿-3
Added Net: Name=NetC3_1
Added Pin To Net: NetName=NetC3_2 Pin=C3-2
Added Pin To Net: NetName=NetC3_2 Pin=R3-1
Added Pin To Net: NetName=NetC3_2 Pin=R4-2
Added Pin To Net: NetName=NetC3_2 Pin=U£¿-1
Added Net: Name=NetC3_2
Added Pin To Net: NetName=NetC4_2 Pin=C4-2
Added Pin To Net: NetName=NetC4_2 Pin=Q1-1
Added Pin To Net: NetName=NetC4_2 Pin=R3-2
Added Pin To Net: NetName=NetC4_2 Pin=R5-2
Added Pin To Net: NetName=NetC4_2 Pin=U£¿-8
Added Net: Name=NetC4_2
Added Pin To Net: NetName=NetC5_1 Pin=C5-1
Added Pin To Net: NetName=NetC5_1 Pin=L1-2
Added Pin To Net: NetName=NetC5_1 Pin=U£¿-2
Added Net: Name=NetC5_1
Added Pin To Net: NetName=NetQ1_2 Pin=Q1-2
Added Pin To Net: NetName=NetQ1_2 Pin=R2-1
Added Net: Name=NetQ1_2
Added Pin To Net: NetName=NetR4_1 Pin=R4-1
Added Pin To Net: NetName=NetR4_1 Pin=U£¿-2
Added Net: Name=NetR4_1
Added Pin To Net: NetName=NetR5_1 Pin=R5-1
Added Pin To Net: NetName=NetR5_1 Pin=U£¿-7
Added Net: Name=NetR5_1
Added Pin To Net: NetName=NetU£¿_1 Pin=U£¿-1
Added Pin To Net: NetName=NetU£¿_1 Pin=U£¿-6
Added Net: Name=NetU£¿_1
Added Class: Name=C52
Added Room: Name=C52
