Added Component: Designator=*(POWER)
Added Component: Designator=C1(RAD-0.3)
Added Component: Designator=C2(C2)
Added Component: Designator=C3(RAD-0.3)
Added Component: Designator=C4(RAD-0.3)
Added Component: Designator=C5(RAD-0.3)
Added Component: Designator=D1(DIODE-0.7)
Added Component: Designator=L1(HDR1X2)
Added Component: Designator=Q1(TO-226-AA)
Added Component: Designator=R1(AXIAL-0.4)
Added Component: Designator=R2(AXIAL-0.4)
Added Component: Designator=R3(AXIAL-0.4)
Added Component: Designator=R4(AXIAL-0.4)
Added Component: Designator=R5(AXIAL-0.4)
Added Component: Designator=U1(XKT-801 - duplicate1)
Added Component: Designator=U2(XKT-1511)
Added Pin To Net: NetName=Net*_1 Pin=*-1
Added Pin To Net: NetName=GND Pin=*-2
Added Pin To Net: NetName=GND Pin=C1-1
Added Pin To Net: NetName=NetC1_2 Pin=C1-2
Added Pin To Net: NetName=Net*_1 Pin=C2-1
Added Pin To Net: NetName=GND Pin=C2-2
Added Pin To Net: NetName=NetC3_1 Pin=C3-1
Added Pin To Net: NetName=NetC3_2 Pin=C3-2
Added Pin To Net: NetName=GND Pin=C4-1
Added Pin To Net: NetName=NetC4_2 Pin=C4-2
Added Pin To Net: NetName=NetC5_1 Pin=C5-1
Added Pin To Net: NetName=Net*_1 Pin=C5-2
Added Pin To Net: NetName=GND Pin=D1-1
Added Pin To Net: NetName=NetC1_2 Pin=D1-2
Added Pin To Net: NetName=Net*_1 Pin=L1-1
Added Pin To Net: NetName=NetC5_1 Pin=L1-2
Added Pin To Net: NetName=NetC4_2 Pin=Q1-1
Added Pin To Net: NetName=NetQ1_2 Pin=Q1-2
Added Pin To Net: NetName=NetC1_2 Pin=Q1-3
Added Pin To Net: NetName=NetC1_2 Pin=R1-1
Added Pin To Net: NetName=Net*_1 Pin=R1-2
Added Pin To Net: NetName=NetQ1_2 Pin=R2-1
Added Pin To Net: NetName=Net*_1 Pin=R2-2
Added Pin To Net: NetName=NetC3_2 Pin=R3-1
Added Pin To Net: NetName=NetC4_2 Pin=R3-2
Added Pin To Net: NetName=NetR4_1 Pin=R4-1
Added Pin To Net: NetName=NetC3_2 Pin=R4-2
Added Pin To Net: NetName=NetR5_1 Pin=R5-1
Added Pin To Net: NetName=NetC4_2 Pin=R5-2
Added Pin To Net: NetName=NetC3_2 Pin=U1-1
Added Pin To Net: NetName=NetR4_1 Pin=U1-2
Added Pin To Net: NetName=NetC3_1 Pin=U1-3
Added Pin To Net: NetName=GND Pin=U1-5
Added Pin To Net: NetName=NetU1_6 Pin=U1-6
Added Pin To Net: NetName=NetR5_1 Pin=U1-7
Added Pin To Net: NetName=NetC4_2 Pin=U1-8
Added Pin To Net: NetName=NetU1_6 Pin=U2-1
Added Pin To Net: NetName=NetC5_1 Pin=U2-2
Added Pin To Net: NetName=GND Pin=U2-3
Added Member To Class: ClassName=C52 Member=Component * POWER
Added Member To Class: ClassName=C52 Member=Component C1 Cap
Added Member To Class: ClassName=C52 Member=Component C2 1000uF/35V
Added Member To Class: ClassName=C52 Member=Component C3 Cap
Added Member To Class: ClassName=C52 Member=Component C4 Cap
Added Member To Class: ClassName=C52 Member=Component C5 Cap
Added Member To Class: ClassName=C52 Member=Component D1 12V
Added Member To Class: ClassName=C52 Member=Component L1 14uH90mm
Added Member To Class: ClassName=C52 Member=Component Q1 A42
Added Member To Class: ClassName=C52 Member=Component R1 Res2
Added Member To Class: ClassName=C52 Member=Component R2 Res2
Added Member To Class: ClassName=C52 Member=Component R3 Res2
Added Member To Class: ClassName=C52 Member=Component R4 Res2
Added Member To Class: ClassName=C52 Member=Component R5 Res2
Added Member To Class: ClassName=C52 Member=Component U1 XKT-801
Added Member To Class: ClassName=C52 Member=Component U2 XKT-1511
Added Room: Name=C52
